

Started GET "/messages" for 127.0.0.1 at 2012-04-02 20:07:20 +0200
  Processing by MessagesController#index as HTML
  [1m[36mUserDetail Load (0.2ms)[0m  [1mSELECT `user_details`.* FROM `user_details` WHERE `user_details`.`id` = 4 LIMIT 1[0m
  [1m[35mUserModService Load (0.2ms)[0m  SELECT `user_mod_services`.* FROM `user_mod_services` WHERE (user_mod_id=4)
  [1m[36mService Load (0.2ms)[0m  [1mSELECT `services`.* FROM `services` WHERE (id in('3'))[0m
  [1m[35m (0.3ms)[0m  SELECT COUNT(*) FROM `inbound_messages` WHERE (service_id = '3' and date(created_at) = curdate())
Rendered messages/index.html.erb within layouts/application (13.4ms)
Completed 200 OK in 74ms (Views: 17.4ms | ActiveRecord: 4.0ms)


Started GET "/assets/main.css?body=1" for 127.0.0.1 at 2012-04-02 20:07:20 +0200
Served asset /main.css - 304 Not Modified (0ms)


Started GET "/assets/jquery.js?body=1" for 127.0.0.1 at 2012-04-02 20:07:20 +0200
Served asset /jquery.js - 304 Not Modified (0ms)


Started GET "/login/logout" for 127.0.0.1 at 2012-04-02 20:07:23 +0200
  Processing by LoginController#logout as HTML
  [1m[36mUserDetail Load (1.0ms)[0m  [1mSELECT `user_details`.* FROM `user_details` WHERE `user_details`.`id` = 4 LIMIT 1[0m
Redirected to http://localhost:3000/
Completed 302 Found in 99ms


Started GET "/" for 127.0.0.1 at 2012-04-02 20:07:23 +0200
  Processing by LoginController#login as HTML
Rendered login/login.html.erb within layouts/application (0.9ms)
Completed 200 OK in 5ms (Views: 5.1ms | ActiveRecord: 0.0ms)


Started GET "/assets/main.css?body=1" for 127.0.0.1 at 2012-04-02 20:07:23 +0200
Served asset /main.css - 304 Not Modified (0ms)


Started GET "/assets/jquery.js?body=1" for 127.0.0.1 at 2012-04-02 20:07:23 +0200
Served asset /jquery.js - 304 Not Modified (0ms)
