Compiled application.js  (29ms)  (pid 11453)
Compiled jquery.js  (9ms)  (pid 11453)
Compiled jquery_ujs.js  (9ms)  (pid 11453)
Compiled contacts.js  (89ms)  (pid 11453)
Compiled css3-mediaqueries.js  (0ms)  (pid 11453)
Compiled home.js  (0ms)  (pid 11453)
Compiled jquery-1.7.1.min.js  (10ms)  (pid 11453)
Compiled jquery.mobile-1.0.1.min.js  (19ms)  (pid 11453)
Compiled login.js  (0ms)  (pid 11453)
Compiled messages.js  (0ms)  (pid 11453)
Compiled mobile.js  (0ms)  (pid 11453)
Compiled pagination.js  (0ms)  (pid 11453)
Compiled report.js  (9ms)  (pid 11453)
Compiled ringtones.js  (0ms)  (pid 11453)
Compiled service_manager.js  (0ms)  (pid 11453)
Compiled services.js  (0ms)  (pid 11453)
Compiled settings.js  (0ms)  (pid 11453)
Compiled users.js  (0ms)  (pid 11453)
Compiled application.css  (0ms)  (pid 11453)
Compiled 1140.css  (0ms)  (pid 11453)
Compiled contacts.css  (30ms)  (pid 11453)
Compiled home.css  (0ms)  (pid 11453)
Compiled ie.css  (0ms)  (pid 11453)
Compiled jquery.mobile-1.0.1.min.css  (0ms)  (pid 11453)
Compiled login.css  (9ms)  (pid 11453)
Compiled main.css  (0ms)  (pid 11453)
Compiled messages.css  (0ms)  (pid 11453)
Compiled report.css  (0ms)  (pid 11453)
Compiled ringtones.css  (0ms)  (pid 11453)
Compiled service_manager.css  (0ms)  (pid 11453)
Compiled services.css  (0ms)  (pid 11453)
Compiled settings.css  (0ms)  (pid 11453)
Compiled styles.css  (0ms)  (pid 11453)
Compiled users.css  (0ms)  (pid 11453)
Compiled application.js  (29ms)  (pid 21234)
Compiled jquery.js  (9ms)  (pid 21234)
Compiled jquery_ujs.js  (0ms)  (pid 21234)
Compiled contacts.js  (90ms)  (pid 21234)
Compiled css3-mediaqueries.js  (0ms)  (pid 21234)
Compiled home.js  (0ms)  (pid 21234)
Compiled jquery-1.7.1.min.js  (19ms)  (pid 21234)
Compiled jquery.mobile-1.0.1.min.js  (19ms)  (pid 21234)
Compiled login.js  (10ms)  (pid 21234)
Compiled messages.js  (0ms)  (pid 21234)
Compiled mobile.js  (0ms)  (pid 21234)
Compiled pagination.js  (0ms)  (pid 21234)
Compiled report.js  (0ms)  (pid 21234)
Compiled ringtones.js  (9ms)  (pid 21234)
Compiled service_manager.js  (9ms)  (pid 21234)
Compiled services.js  (0ms)  (pid 21234)
Compiled settings.js  (0ms)  (pid 21234)
Compiled users.js  (0ms)  (pid 21234)
Compiled application.css  (19ms)  (pid 21234)
Compiled 1140.css  (0ms)  (pid 21234)
Compiled contacts.css  (39ms)  (pid 21234)
Compiled home.css  (0ms)  (pid 21234)
Compiled ie.css  (0ms)  (pid 21234)
Compiled jquery.mobile-1.0.1.min.css  (10ms)  (pid 21234)
Compiled login.css  (0ms)  (pid 21234)
Compiled main.css  (9ms)  (pid 21234)
Compiled messages.css  (0ms)  (pid 21234)
Compiled report.css  (19ms)  (pid 21234)
Compiled ringtones.css  (9ms)  (pid 21234)
Compiled service_manager.css  (0ms)  (pid 21234)
Compiled services.css  (0ms)  (pid 21234)
Compiled settings.css  (9ms)  (pid 21234)
Compiled styles.css  (0ms)  (pid 21234)
Compiled users.css  (0ms)  (pid 21234)
